#### [Google's Masterlist of Tools](https://developers.google.com/speed/tools)

##### WebPage Analysis

[JSPerf](http://jsperf.com/)
[Google PageSpeed](https://developers.google.com/speed/pagespeed/)
[Show Slow](http://www.showslow.com/) help monitor web performance metrics over time
[YSlow](http://developer.yahoo.com/yslow/)
[BenchmarJS](http://benchmarkjs.com/)

##### Resource Optimization

[Google Closure Compiler](http://code.google.com/p/closure-compiler/) [Online Live](http://closure-compiler.appspot.com/home)
[WebP](https://developers.google.com/speed/webp/index.html) Reduce Image File Sizes and Download times
[JSHint](http://jshint.com)
[JSLint](http://jslint.com)
[Smush It](http://smush.it/) online tool for lossless image compression and optimization
[CSS Sprite Generator](http://spritegen.website-performance.org/) generate a CSS sprite out of a number of images
[YUI Compressor(http://developer.yahoo.com/yui/compressor/) JS Compressor]

##### Performance Benchmarking

[WebPageTest](http://www.webpagetest.org/)
[httperf](http://www.hpl.hp.com/research/linux/httperf/) tools for generating HTTP Workload
[mon.itor.us](http://mon.itor.us/) ajax dashboard monitoring server performance and availability
[pylot](http://www.pylot.org/) testing performance and scalability of web services
[wbox](http://hping.org/wbox/) performs various tests as page load benchmarking, stress testing; and verfies virtual domain config, redirects & http compression

### Practices:
* Combine and Minify JS & CSS
* Optimize JPGs and PNGs
* Remove Dev-Only Code (console.log, profiling, test-suite)
* Basic to Aggressive HTML minification
* Filename revision for static assets to cachebust
* Upgrades .htaccess to use heavier caching
* Update HTML to refer these new hyper-optimized assets, js, css
